Arguments: 
  C:\Program Files\nodejs\node.exe C:\Users\intel\AppData\Roaming\npm\node_modules\yarn\bin\yarn.js add carbon-components carbon-components-react @carbon/icons-react

PATH: 
  C:\Users\intel\bin;C:\Program Files (x86)\Git\mingw32\bin;C:\Program Files (x86)\Git\usr\local\bin;C:\Program Files (x86)\Git\usr\bin;C:\Program Files (x86)\Git\usr\bin;C:\Program Files (x86)\Git\mingw32\bin;C:\Program Files (x86)\Git\usr\bin;C:\Users\intel\bin;C:\Windows\system32;C:\Windows;C:\Windows\System32\Wbem;C:\Windows\System32\WindowsPowerShell\v1.0;C:\Program Files (x86)\Skype\Phone;C:\Program Files (x86)\Git\cmd;C:\Program Files\nodejs;C:\Users\intel\AppData\Roaming\npm;C:\Program Files (x86)\Git\usr\bin\vendor_perl;C:\Program Files (x86)\Git\usr\bin\core_perl

Yarn version: 
  1.22.0

Node version: 
  12.16.0

Platform: 
  win32 x64

Trace: 
  Error: https://registry.yarnpkg.com/@carbon/icons-react/-/icons-react-10.8.2.tgz: ESOCKETTIMEDOUT
      at ClientRequest.<anonymous> (C:\Users\intel\AppData\Roaming\npm\node_modules\yarn\lib\cli.js:141354:19)
      at Object.onceWrapper (events.js:427:28)
      at ClientRequest.emit (events.js:321:20)
      at TLSSocket.emitRequestTimeout (_http_client.js:714:9)
      at Object.onceWrapper (events.js:427:28)
      at TLSSocket.emit (events.js:321:20)
      at TLSSocket.Socket._onTimeout (net.js:478:8)
      at listOnTimeout (internal/timers.js:549:17)
      at processTimers (internal/timers.js:492:7)

npm manifest: 
  {
    "name": "my-app",
    "version": "0.1.0",
    "private": true,
    "dependencies": {
      "@testing-library/jest-dom": "^4.2.4",
      "@testing-library/react": "^9.4.1",
      "@testing-library/user-event": "^7.2.1",
      "carbon-components": "^10.9.3",
      "carbon-components-react": "^7.9.3",
      "carbon-icons": "^7.0.7",
      "react": "^16.12.0",
      "react-data-table-component": "^6.3.1",
      "react-dom": "^16.12.0",
      "react-scripts": "3.4.0",
      "styled-components": "^5.0.1",
      "yarn": "^1.22.0"
    },
    "scripts": {
      "start": "react-scripts start",
      "build": "react-scripts build",
      "test": "react-scripts test",
      "eject": "react-scripts eject",
      "storybook": "start-storybook -p 9009 -s public",
      "build-storybook": "build-storybook -s public"
    },
    "eslintConfig": {
      "extends": "react-app"
    },
    "browserslist": {
      "production": [
        ">0.2%",
        "not dead",
        "not op_mini all"
      ],
      "development": [
        "last 1 chrome version",
        "last 1 firefox version",
        "last 1 safari version"
      ]
    },
    "devDependencies": {
      "@storybook/addon-actions": "^5.3.13",
      "@storybook/addon-links": "^5.3.13",
      "@storybook/addons": "^5.3.13",
      "@storybook/preset-create-react-app": "^1.5.2",
      "@storybook/react": "^5.3.13"
    }
  }

yarn manifest: 
  No manifest

Lockfile: 
  No lockfile
